<?xml version="1.0" encoding="UTF-8"?>
<!-- Generated by org.testng.reporters.JUnitXMLReporter -->
<testsuite ignored="0" hostname="TYSS-Chaithra" failures="0" tests="1" name="Test-Runner-Firefox" time="45.223" errors="0" timestamp="2023-11-01T11:45:48 IST">
  <testcase classname="contactTests.CreateContactWithOrgTest" name="createNewContactWithOrgTest" time="31.439"/>
</testsuite> <!-- Test-Runner-Firefox -->
