<?xml version="1.0" encoding="UTF-8"?>
<!-- Generated by org.testng.reporters.JUnitXMLReporter -->
<testsuite ignored="0" hostname="TYSS-Chaithra" failures="0" tests="1" name="Test-Runner-edge" time="42.953" errors="0" timestamp="2023-11-01T11:45:45 IST">
  <testcase classname="contactTests.CreateContactWithOrgTest" name="createNewContactWithOrgTest" time="31.347"/>
</testsuite> <!-- Test-Runner-edge -->
