<?xml version="1.0" encoding="UTF-8"?>
<!-- Generated by org.testng.reporters.JUnitXMLReporter -->
<testsuite ignored="0" hostname="TYSS-Chaithra" failures="0" tests="1" name="Test-Runner-2" time="42.362" errors="0" timestamp="2023-11-01T11:09:30 IST">
  <testcase classname="contactTests.CreateContactWithOrgTest" name="createNewContactWithOrgTest" time="31.225"/>
</testsuite> <!-- Test-Runner-2 -->
