<?xml version="1.0" encoding="UTF-8"?>
<!-- Generated by org.testng.reporters.JUnitXMLReporter -->
<testsuite ignored="0" hostname="TYSS-Chaithra" failures="0" tests="2" name="Test-Runner-1" time="39.009" errors="0" timestamp="2023-11-01T11:09:26 IST">
  <testcase classname="contactTests.CreateContactTest" name="createNewContactTest" time="15.513"/>
  <testcase classname="contactTests.CreateContactTest" name="demo" time="0.001"/>
</testsuite> <!-- Test-Runner-1 -->
