<?xml version="1.0" encoding="UTF-8"?>
<!-- Generated by org.testng.reporters.JUnitReportReporter -->
<testsuite hostname="TYSS-Chaithra" failures="0" tests="2" name="contactTests.CreateContactWithOrgTest" time="74.633" errors="0" timestamp="2023-11-01T11:45:48 IST" skipped="0">
  <testcase classname="contactTests.CreateContactWithOrgTest" name="createNewContactWithOrgTest" time="37.296"/>
  <system-out/>
  <testcase classname="contactTests.CreateContactWithOrgTest" name="createNewContactWithOrgTest" time="37.337"/>
  <system-out/>
</testsuite> <!-- contactTests.CreateContactWithOrgTest -->
