<?xml version="1.0" encoding="UTF-8"?>
<!-- Generated by org.testng.reporters.JUnitReportReporter -->
<testsuite hostname="TYSS-Chaithra" failures="0" tests="7" name="contactTests.CreateMultipleContacts" time="299.113" errors="0" timestamp="2023-10-26T11:56:48 IST" skipped="0">
  <testcase classname="contactTests.CreateMultipleContacts" name="createMultipleContact" time="35.918"/>
  <system-out/>
  <testcase classname="contactTests.CreateMultipleContacts" name="createMultipleContact" time="42.828"/>
  <system-out/>
  <testcase classname="contactTests.CreateMultipleContacts" name="createMultipleContact" time="41.538"/>
  <system-out/>
  <testcase classname="contactTests.CreateMultipleContacts" name="createMultipleContact" time="42.787"/>
  <system-out/>
  <testcase classname="contactTests.CreateMultipleContacts" name="createMultipleContact" time="42.986"/>
  <system-out/>
  <testcase classname="contactTests.CreateMultipleContacts" name="createMultipleContact" time="50.800"/>
  <system-out/>
  <testcase classname="contactTests.CreateMultipleContacts" name="createMultipleContact" time="42.256"/>
  <system-out/>
</testsuite> <!-- contactTests.CreateMultipleContacts -->
