<?xml version="1.0" encoding="UTF-8"?>
<!-- Generated by org.testng.reporters.JUnitReportReporter -->
<testsuite hostname="TYSS-Chaithra" failures="0" tests="1" name="practice.ReadDataFromCmdLine" time="0.008" errors="0" timestamp="2023-11-10T10:38:26 IST" skipped="0">
  <testcase classname="practice.ReadDataFromCmdLine" name="read" time="0.008"/>
  <system-out/>
</testsuite> <!-- practice.ReadDataFromCmdLine -->
